#
# A fatal error has been detected by the Java Runtime Environment:
#
#  SIGSEGV (0xb) at pc=0x00007fff8bd220dd, pid=2437, tid=1299
#
# JRE version: Java(TM) SE Runtime Environment (8.0_40-b27) (build 1.8.0_40-b27)
# Java VM: Java HotSpot(TM) 64-Bit Server VM (25.40-b25 mixed mode bsd-amd64 compressed oops)
# Problematic frame:
# C  [libobjc.A.dylib+0x10dd]  objc_msgSend+0x1d
#
# Failed to write core dump. Core dumps have been disabled. To enable core dumping, try "ulimit -c unlimited" before starting Java again
#
# If you would like to submit a bug report, please visit:
#   http://bugreport.java.com/bugreport/crash.jsp
# The crash happened outside the Java Virtual Machine in native code.
# See problematic frame for where to report the bug.
#

---------------  T H R E A D  ---------------

Current thread (0x00007f88199ac800):  JavaThread "AppKit Thread" daemon [_thread_in_native, id=1299, stack(0x00007fff56633000,0x00007fff56e33000)]

siginfo: si_signo: 11 (SIGSEGV), si_code: 1 (SEGV_MAPERR), si_addr: 0x000007f88194b4c0

Registers:
RAX=0x00007f88194c13d0, RBX=0x00007fff56e2d658, RCX=0x0000000000000000, RDX=0x00007f881960b460
RSP=0x00007fff56e2d478, RBP=0x00007fff56e2d480, RSI=0x00007fff8db4641e, RDI=0x00007f88194c13d0
R8 =0x00007fff56e2d460, R9 =0x0000000000000055, R10=0x00007fff8db4641e, R11=0x000007f88194b4a8
R12=0x00007f88195323c0, R13=0x00000000000f42eb, R14=0x00007f8819625f80, R15=0x00007fff56e2d5b8
RIP=0x00007fff8bd220dd, EFLAGS=0x0000000000010202, ERR=0x0000000000000004
  TRAPNO=0x000000000000000e

Top of Stack: (sp=0x00007fff56e2d478)
0x00007fff56e2d478:   00007fff8f4ee45c 00007fff56e2d7e0
0x00007fff56e2d488:   00007fff8f3de634 00007fff56e2d50c
0x00007fff56e2d498:   00007fff56e2d510 00007fff56e2d514
0x00007fff56e2d4a8:   00007fff78333e00 ffffffffffffffff
0x00007fff56e2d4b8:   00000000000007f8 00007fff78333e18
0x00007fff56e2d4c8:   00007f8819625f80 0000000000000000
0x00007fff56e2d4d8:   00007fff56e2d5b0 0000000000000000
0x00007fff56e2d4e8:   00007f88196225b0 00007fff56e2d630
0x00007fff56e2d4f8:   0000000000000055 00000000000f42ed
0x00007fff56e2d508:   00007f881960b460 00007f8819621fe0
0x00007fff56e2d518:   00007f88195323c0 0000000000000001
0x00007fff56e2d528:   00000000000f42eb 00007f88195323b0
0x00007fff56e2d538:   00007fff8afb1c05 00000001194a3be0
0x00007fff56e2d548:   00007fff77e730d0 0000000042000000
0x00007fff56e2d558:   00007fff8afb8e63 00007fff782fe240
0x00007fff56e2d568:   00007fff56e2d638 00007fff56e2d590
0x00007fff56e2d578:   00007fff56e2d5b0 0000000000000000
0x00007fff56e2d588:   0000000000000026 0002870300000001
0x00007fff56e2d598:   00007f88195323e4 0000000000000000
0x00007fff56e2d5a8:   00007f881960b500 00007f8819622630
0x00007fff56e2d5b8:   00007f8819625f80 0000002000000000
0x00007fff56e2d5c8:   0000000000000000 00007fff77e730d0
0x00007fff56e2d5d8:   0000000042000000 00007fff8afb84f8
0x00007fff56e2d5e8:   00007fff782fe350 00007fff56e2d548
0x00007fff56e2d5f8:   0000000000000000 00007fff56e2d6c8
0x00007fff56e2d608:   00007fff786c1ea0 00007fff56e2d700
0x00007fff56e2d618:   00007fff88d6e770 00007fff56e2d6b0
0x00007fff56e2d628:   00007fff8d27a4ed 0000000000000051
0x00007fff56e2d638:   0000000000000000 00000000000f42e2
0x00007fff56e2d648:   0000000000000053 0000000000000000
0x00007fff56e2d658:   00000000000f42eb 00007fff56e2d6d4
0x00007fff56e2d668:   00000000003c5b01 00000000ffffffff 

Instructions: (pc=0x00007fff8bd220dd)
0x00007fff8bd220bd:   00 00 00 48 85 ff 2e 74 7a 40 f6 c7 01 2e 75 7e
0x00007fff8bd220cd:   49 bb f8 ff ff ff ff 7f 00 00 4c 23 1f 49 89 f2
0x00007fff8bd220dd:   45 23 53 18 49 c1 e2 04 4d 03 53 10 49 3b 32 75
0x00007fff8bd220ed:   04 41 ff 62 08 49 83 3a 00 74 6a 4d 3b 53 10 74 

Register to memory mapping:

RAX=0x00007f88194c13d0 is an unknown value
RBX=0x00007fff56e2d658 is pointing into the stack for thread: 0x00007f88199ac800
RCX=0x0000000000000000 is an unknown value
RDX=0x00007f881960b460 is an unknown value
RSP=0x00007fff56e2d478 is pointing into the stack for thread: 0x00007f88199ac800
RBP=0x00007fff56e2d480 is pointing into the stack for thread: 0x00007f88199ac800
RSI=0x00007fff8db4641e: -[NSTitlebarContainerView transparent]+0x5e312 in /System/Library/Frameworks/AppKit.framework/Versions/C/AppKit at 0x00007fff8d145000
RDI=0x00007f88194c13d0 is an unknown value
R8 =0x00007fff56e2d460 is pointing into the stack for thread: 0x00007f88199ac800
R9 =0x0000000000000055 is an unknown value
R10=0x00007fff8db4641e: -[NSTitlebarContainerView transparent]+0x5e312 in /System/Library/Frameworks/AppKit.framework/Versions/C/AppKit at 0x00007fff8d145000
R11=0x000007f88194b4a8 is an unknown value
R12=0x00007f88195323c0 is an unknown value
R13=0x00000000000f42eb is an unknown value
R14=0x00007f8819625f80 is an unknown value
R15=0x00007fff56e2d5b8 is pointing into the stack for thread: 0x00007f88199ac800


Stack: [0x00007fff56633000,0x00007fff56e33000],  sp=0x00007fff56e2d478,  free space=8169k
Native frames: (J=compiled Java code, j=interpreted, Vv=VM code, C=native code)
C  [libobjc.A.dylib+0x10dd]  objc_msgSend+0x1d
C  [CoreFoundation+0x10634]  _CFXNotificationPost+0xc44
C  [Foundation+0x79d1]  -[NSNotificationCenter postNotificationName:object:userInfo:]+0x42
C  [AppKit+0x439c2]  -[NSSurface _disposeSurface]+0x98
C  [AppKit+0x43426]  -[NSSurface setWindow:]+0x42
C  [AppKit+0x33910]  -[NSView _setWindow:]+0xa33
C  [AppKit+0x6af91]  -[NSView removeFromSuperview]+0x1c5
C  [AppKit+0x14bd99]  -[NSView removeFromSuperviewWithoutNeedingDisplay]+0x26
C  [liblwjgl.dylib+0xa205]  +[MacOSXKeyableWindow destroyWindow]+0xb5
C  [Foundation+0x92d00]  __NSThreadPerformPerform+0x125
C  [CoreFoundation+0x80a01]  __CFRUNLOOP_IS_CALLING_OUT_TO_A_SOURCE0_PERFORM_FUNCTION__+0x11
C  [CoreFoundation+0x72b8d]  __CFRunLoopDoSources0+0x10d
C  [CoreFoundation+0x721bf]  __CFRunLoopRun+0x39f
C  [CoreFoundation+0x71bd8]  CFRunLoopRunSpecific+0x128
C  [HIToolbox+0x3256f]  RunCurrentEventLoopInMode+0xeb
C  [HIToolbox+0x322ea]  ReceiveNextEventCommon+0x1af
C  [HIToolbox+0x3212b]  _BlockUntilNextEventMatchingListInModeWithFilter+0x47
C  [AppKit+0x918ab]  _DPSNextEvent+0x3d2
C  [AppKit+0x90e58]  -[NSApplication nextEventMatchingMask:untilDate:inMode:dequeue:]+0x15a
C  [libosxapp.dylib+0x242a]  -[NSApplicationAWT nextEventMatchingMask:untilDate:inMode:dequeue:]+0x7c
C  [AppKit+0x86af3]  -[NSApplication run]+0x252
C  [libosxapp.dylib+0x223e]  +[NSApplicationAWT runAWTLoopWithApp:]+0x9c
C  [libawt_lwawt.dylib+0x4463b]  -[AWTStarter starter:]+0x389
C  [Foundation+0x92d00]  __NSThreadPerformPerform+0x125
C  [CoreFoundation+0x80a01]  __CFRUNLOOP_IS_CALLING_OUT_TO_A_SOURCE0_PERFORM_FUNCTION__+0x11
C  [CoreFoundation+0x72b8d]  __CFRunLoopDoSources0+0x10d
C  [CoreFoundation+0x721bf]  __CFRunLoopRun+0x39f
C  [CoreFoundation+0x71bd8]  CFRunLoopRunSpecific+0x128
C  [java+0x6490]  CreateExecutionEnvironment+0x367
C  [java+0x221c]  JLI_Launch+0x7a0
C  [java+0x84ed]  main+0x65
C  [java+0x1a74]  start+0x34
C  0x0000000000000008


---------------  P R O C E S S  ---------------

Java Threads: ( => current thread )
  0x00007f88198b4000 JavaThread "AWT-Shutdown" [_thread_blocked, id=27171, stack(0x0000000128f59000,0x0000000129059000)]
  0x00007f881a22b800 JavaThread "DestroyJavaVM" [_thread_blocked, id=3331, stack(0x0000000109e36000,0x0000000109f36000)]
  0x00007f8819aba000 JavaThread "LWJGL Application" [_thread_in_native, id=65611, stack(0x00000001263e8000,0x00000001264e8000)]
=>0x00007f88199ac800 JavaThread "AppKit Thread" daemon [_thread_in_native, id=1299, stack(0x00007fff56633000,0x00007fff56e33000)]
  0x00007f8819936800 JavaThread "Monitor Ctrl-Break" daemon [_thread_in_native, id=17411, stack(0x0000000121b24000,0x0000000121c24000)]
  0x00007f88198a3000 JavaThread "Service Thread" daemon [_thread_blocked, id=16387, stack(0x0000000121786000,0x0000000121886000)]
  0x00007f881a070800 JavaThread "C1 CompilerThread1" daemon [_thread_blocked, id=15875, stack(0x0000000121683000,0x0000000121783000)]
  0x00007f8819838000 JavaThread "C2 CompilerThread0" daemon [_thread_blocked, id=15363, stack(0x0000000121580000,0x0000000121680000)]
  0x00007f8819837800 JavaThread "Signal Dispatcher" daemon [_thread_blocked, id=14871, stack(0x000000012147d000,0x000000012157d000)]
  0x00007f881982a800 JavaThread "Finalizer" daemon [_thread_blocked, id=10499, stack(0x000000011fadf000,0x000000011fbdf000)]
  0x00007f8819824000 JavaThread "Reference Handler" daemon [_thread_blocked, id=9987, stack(0x000000011f9dc000,0x000000011fadc000)]

Other Threads:
  0x00007f881a053000 VMThread [stack: 0x000000011f8d9000,0x000000011f9d9000] [id=9475]
  0x00007f8819835800 WatcherThread [stack: 0x0000000121889000,0x0000000121989000] [id=16899]

VM state:not at safepoint (normal execution)

VM Mutex/Monitor currently owned by a thread: None

Heap:
 PSYoungGen      total 38400K, used 19667K [0x0000000795580000, 0x0000000798000000, 0x00000007c0000000)
  eden space 33280K, 59% used [0x0000000795580000,0x00000007968b4f18,0x0000000797600000)
  from space 5120K, 0% used [0x0000000797b00000,0x0000000797b00000,0x0000000798000000)
  to   space 5120K, 0% used [0x0000000797600000,0x0000000797600000,0x0000000797b00000)
 ParOldGen       total 87552K, used 0K [0x0000000740000000, 0x0000000745580000, 0x0000000795580000)
  object space 87552K, 0% used [0x0000000740000000,0x0000000740000000,0x0000000745580000)
 Metaspace       used 8181K, capacity 8367K, committed 8576K, reserved 1056768K
  class space    used 808K, capacity 886K, committed 896K, reserved 1048576K

Card table byte_map: [0x00000001197c0000,0x0000000119bc1000] byte_map_base: 0x0000000115dc0000

Marking Bits: (ParMarkBitMap*) 0x000000010978e7a0
 Begin Bits: [0x000000011a072000, 0x000000011c072000)
 End Bits:   [0x000000011c072000, 0x000000011e072000)

Polling page: 0x0000000109f7b000

CodeCache: size=245760Kb used=2955Kb max_used=2966Kb free=242804Kb
 bounds [0x000000010a400000, 0x000000010a6f0000, 0x0000000119400000]
 total_blobs=1202 nmethods=759 adapters=359
 compilation: enabled

Compilation events (10 events):
Event: 12.691 Thread 0x00007f881a070800  755       3       org.lwjgl.BufferChecks::checkBufferSize (20 bytes)
Event: 12.692 Thread 0x00007f881a070800 nmethod 755 0x000000010a6e2490 code [0x000000010a6e2600, 0x000000010a6e2888]
Event: 12.926 Thread 0x00007f8819838000  756       4       java.util.HashMap::get (23 bytes)
Event: 12.931 Thread 0x00007f881a070800  757       3       java.util.ArrayDeque::poll (5 bytes)
Event: 12.931 Thread 0x00007f881a070800 nmethod 757 0x000000010a6e2990 code [0x000000010a6e2b00, 0x000000010a6e2ca8]
Event: 12.931 Thread 0x00007f881a070800  758       3       java.util.ArrayDeque::pollFirst (42 bytes)
Event: 12.931 Thread 0x00007f881a070800 nmethod 758 0x000000010a6e2d50 code [0x000000010a6e2ec0, 0x000000010a6e31f0]
Event: 12.932 Thread 0x00007f8819838000 nmethod 756 0x000000010a6e6250 code [0x000000010a6e63c0, 0x000000010a6e6698]
Event: 13.044 Thread 0x00007f8819838000  759       4       java.nio.DirectByteBuffer::put (18 bytes)
Event: 13.045 Thread 0x00007f8819838000 nmethod 759 0x000000010a6e6990 code [0x000000010a6e6ae0, 0x000000010a6e6b98]

GC Heap History (0 events):
No events

Deoptimization events (2 events):
Event: 0.745 Thread 0x00007f8819815800 Uncommon trap: reason=unstable_if action=reinterpret pc=0x000000010a5296ec method=java.lang.String.hashCode()I @ 14
Event: 4.055 Thread 0x00007f8819aba000 Uncommon trap: reason=unstable_if action=reinterpret pc=0x000000010a5d5508 method=java.lang.String.replace(CC)Ljava/lang/String; @ 26

Internal exceptions (10 events):
Event: 2.197 Thread 0x00007f8819815800 Exception <a 'java/io/FileNotFoundException'> (0x0000000795ba3970) thrown at [/Users/java_re/workspace/8-2-build-macosx-x86_64/jdk8u40/3153/hotspot/src/share/vm/prims/jni.cpp, line 709]
Event: 2.197 Thread 0x00007f8819815800 Exception <a 'java/io/FileNotFoundException'> (0x0000000795ba4490) thrown at [/Users/java_re/workspace/8-2-build-macosx-x86_64/jdk8u40/3153/hotspot/src/share/vm/prims/jni.cpp, line 709]
Event: 2.226 Thread 0x00007f8819815800 Exception <a 'java/security/PrivilegedActionException'> (0x0000000795bcc1b0) thrown at [/Users/java_re/workspace/8-2-build-macosx-x86_64/jdk8u40/3153/hotspot/src/share/vm/prims/jvm.cpp, line 1382]
Event: 2.226 Thread 0x00007f8819815800 Exception <a 'java/security/PrivilegedActionException'> (0x0000000795bcddd8) thrown at [/Users/java_re/workspace/8-2-build-macosx-x86_64/jdk8u40/3153/hotspot/src/share/vm/prims/jvm.cpp, line 1382]
Event: 2.226 Thread 0x00007f8819815800 Exception <a 'java/security/PrivilegedActionException'> (0x0000000795bcee98) thrown at [/Users/java_re/workspace/8-2-build-macosx-x86_64/jdk8u40/3153/hotspot/src/share/vm/prims/jvm.cpp, line 1382]
Event: 2.227 Thread 0x00007f8819815800 Exception <a 'java/security/PrivilegedActionException'> (0x0000000795bd3e90) thrown at [/Users/java_re/workspace/8-2-build-macosx-x86_64/jdk8u40/3153/hotspot/src/share/vm/prims/jvm.cpp, line 1382]
Event: 2.227 Thread 0x00007f8819815800 Exception <a 'java/security/PrivilegedActionException'> (0x0000000795bd4a38) thrown at [/Users/java_re/workspace/8-2-build-macosx-x86_64/jdk8u40/3153/hotspot/src/share/vm/prims/jvm.cpp, line 1382]
Event: 2.227 Thread 0x00007f8819815800 Exception <a 'java/security/PrivilegedActionException'> (0x0000000795bd55b0) thrown at [/Users/java_re/workspace/8-2-build-macosx-x86_64/jdk8u40/3153/hotspot/src/share/vm/prims/jvm.cpp, line 1382]
Event: 2.653 Thread 0x00007f88199ac800 Exception <a 'java/lang/NoSuchFieldError': method resolution failed> (0x0000000795e21510) thrown at [/Users/java_re/workspace/8-2-build-macosx-x86_64/jdk8u40/3153/hotspot/src/share/vm/prims/methodHandles.cpp, line 1125]
Event: 2.666 Thread 0x00007f88199ac800 Exception <a 'java/lang/NoSuchFieldError': method resolution failed> (0x0000000795e2fb50) thrown at [/Users/java_re/workspace/8-2-build-macosx-x86_64/jdk8u40/3153/hotspot/src/share/vm/prims/methodHandles.cpp, line 1125]

Events (10 events):
Event: 12.925 loading class com/badlogic/gdx/backends/lwjgl/LwjglApplication$2
Event: 12.925 loading class com/badlogic/gdx/backends/lwjgl/LwjglApplication$2 done
Event: 12.926 loading class com/badlogic/gdx/utils/Array$ArrayIterable
Event: 12.926 loading class com/badlogic/gdx/utils/Array$ArrayIterable done
Event: 12.927 loading class com/badlogic/gdx/utils/Array$ArrayIterator
Event: 12.927 loading class com/badlogic/gdx/utils/Array$ArrayIterator done
Event: 12.928 loading class java/util/NoSuchElementException
Event: 12.928 loading class java/util/NoSuchElementException done
Event: 13.022 loading class org/lwjgl/opengl/CallbackUtil
Event: 13.022 loading class org/lwjgl/opengl/CallbackUtil done


Dynamic libraries:
0x0000000007c03000 	/System/Library/Frameworks/Cocoa.framework/Versions/A/Cocoa
0x0000000007c03000 	/System/Library/Frameworks/Security.framework/Versions/A/Security
0x0000000007c03000 	/System/Library/Frameworks/ApplicationServices.framework/Versions/A/ApplicationServices
0x0000000007c03000 	/usr/lib/libz.1.dylib
0x0000000007c03000 	/usr/lib/libSystem.B.dylib
0x0000000007c03000 	/usr/lib/libobjc.A.dylib
0x0000000007c03000 	/System/Library/Frameworks/CoreFoundation.framework/Versions/A/CoreFoundation
0x0000000007c03000 	/System/Library/Frameworks/Foundation.framework/Versions/C/Foundation
0x0000000007c03000 	/System/Library/Frameworks/AppKit.framework/Versions/C/AppKit
0x0000000007c03000 	/System/Library/Frameworks/CoreData.framework/Versions/A/CoreData
0x0000000007c03000 	/System/Library/PrivateFrameworks/RemoteViewServices.framework/Versions/A/RemoteViewServices
0x0000000007c03000 	/System/Library/PrivateFrameworks/UIFoundation.framework/Versions/A/UIFoundation
0x0000000007c03000 	/System/Library/Frameworks/IOSurface.framework/Versions/A/IOSurface
0x0000000007c03000 	/System/Library/Frameworks/AudioToolbox.framework/Versions/A/AudioToolbox
0x0000000007c03000 	/System/Library/Frameworks/AudioUnit.framework/Versions/A/AudioUnit
0x0000000007c03000 	/System/Library/PrivateFrameworks/DataDetectorsCore.framework/Versions/A/DataDetectorsCore
0x0000000007c03000 	/System/Library/PrivateFrameworks/DesktopServicesPriv.framework/Versions/A/DesktopServicesPriv
0x0000000007c03000 	/System/Library/Frameworks/Carbon.framework/Versions/A/Frameworks/HIToolbox.framework/Versions/A/HIToolbox
0x0000000007c03000 	/System/Library/Frameworks/QuartzCore.framework/Versions/A/QuartzCore
0x0000000007c03000 	/System/Library/Frameworks/Carbon.framework/Versions/A/Frameworks/SpeechRecognition.framework/Versions/A/SpeechRecognition
0x0000000007c03000 	/usr/lib/libauto.dylib
0x0000000007c03000 	/usr/lib/libicucore.A.dylib
0x0000000007c03000 	/usr/lib/libxml2.2.dylib
0x0000000007c03000 	/System/Library/PrivateFrameworks/CoreUI.framework/Versions/A/CoreUI
0x0000000007c03000 	/System/Library/Frameworks/CoreAudio.framework/Versions/A/CoreAudio
0x0000000007c03000 	/System/Library/Frameworks/DiskArbitration.framework/Versions/A/DiskArbitration
0x0000000007c03000 	/usr/lib/liblangid.dylib
0x0000000007c03000 	/System/Library/PrivateFrameworks/MultitouchSupport.framework/Versions/A/MultitouchSupport
0x0000000007c03000 	/System/Library/Frameworks/IOKit.framework/Versions/A/IOKit
0x0000000007c03000 	/usr/lib/libDiagnosticMessagesClient.dylib
0x0000000007c03000 	/System/Library/Frameworks/CoreServices.framework/Versions/A/CoreServices
0x0000000007c03000 	/System/Library/PrivateFrameworks/PerformanceAnalysis.framework/Versions/A/PerformanceAnalysis
0x0000000007c03000 	/System/Library/PrivateFrameworks/GenerationalStorage.framework/Versions/A/GenerationalStorage
0x0000000007c03000 	/System/Library/Frameworks/OpenGL.framework/Versions/A/OpenGL
0x0000000007c03000 	/System/Library/PrivateFrameworks/Sharing.framework/Versions/A/Sharing
0x0000000007c03000 	/System/Library/Frameworks/CoreGraphics.framework/Versions/A/CoreGraphics
0x0000000007c03000 	/System/Library/Frameworks/CoreText.framework/Versions/A/CoreText
0x0000000007c03000 	/System/Library/Frameworks/ImageIO.framework/Versions/A/ImageIO
0x0000000007c03000 	/usr/lib/libextension.dylib
0x0000000007c03000 	/System/Library/PrivateFrameworks/Backup.framework/Versions/A/Backup
0x0000000007c03000 	/usr/lib/libarchive.2.dylib
0x0000000007c03000 	/System/Library/Frameworks/CFNetwork.framework/Versions/A/CFNetwork
0x0000000007c03000 	/System/Library/Frameworks/SystemConfiguration.framework/Versions/A/SystemConfiguration
0x0000000007c03000 	/usr/lib/libCRFSuite.dylib
0x0000000007c03000 	/usr/lib/libc++.1.dylib
0x0000000007c03000 	/usr/lib/libc++abi.dylib
0x0000000007c03000 	/usr/lib/system/libcache.dylib
0x0000000007c03000 	/usr/lib/system/libcommonCrypto.dylib
0x0000000007c03000 	/usr/lib/system/libcompiler_rt.dylib
0x0000000007c03000 	/usr/lib/system/libcopyfile.dylib
0x0000000007c03000 	/usr/lib/system/libcorecrypto.dylib
0x0000000007c03000 	/usr/lib/system/libdispatch.dylib
0x0000000007c03000 	/usr/lib/system/libdyld.dylib
0x0000000007c03000 	/usr/lib/system/libkeymgr.dylib
0x0000000007c03000 	/usr/lib/system/liblaunch.dylib
0x0000000007c03000 	/usr/lib/system/libmacho.dylib
0x0000000007c03000 	/usr/lib/system/libquarantine.dylib
0x0000000007c03000 	/usr/lib/system/libremovefile.dylib
0x0000000007c03000 	/usr/lib/system/libsystem_asl.dylib
0x0000000007c03000 	/usr/lib/system/libsystem_blocks.dylib
0x0000000007c03000 	/usr/lib/system/libsystem_c.dylib
0x0000000007c03000 	/usr/lib/system/libsystem_configuration.dylib
0x0000000007c03000 	/usr/lib/system/libsystem_coreservices.dylib
0x0000000007c03000 	/usr/lib/system/libsystem_coretls.dylib
0x0000000007c03000 	/usr/lib/system/libsystem_dnssd.dylib
0x0000000007c03000 	/usr/lib/system/libsystem_info.dylib
0x0000000007c03000 	/usr/lib/system/libsystem_kernel.dylib
0x0000000007c03000 	/usr/lib/system/libsystem_m.dylib
0x0000000007c03000 	/usr/lib/system/libsystem_malloc.dylib
0x0000000007c03000 	/usr/lib/system/libsystem_network.dylib
0x0000000007c03000 	/usr/lib/system/libsystem_networkextension.dylib
0x0000000007c03000 	/usr/lib/system/libsystem_notify.dylib
0x0000000007c03000 	/usr/lib/system/libsystem_platform.dylib
0x0000000007c03000 	/usr/lib/system/libsystem_pthread.dylib
0x0000000007c03000 	/usr/lib/system/libsystem_sandbox.dylib
0x0000000007c03000 	/usr/lib/system/libsystem_secinit.dylib
0x0000000007c03000 	/usr/lib/system/libsystem_stats.dylib
0x0000000007c03000 	/usr/lib/system/libsystem_trace.dylib
0x0000000007c03000 	/usr/lib/system/libunc.dylib
0x0000000007c03000 	/usr/lib/system/libunwind.dylib
0x0000000007c03000 	/usr/lib/system/libxpc.dylib
0x0000000007c03000 	/usr/lib/libbz2.1.0.dylib
0x0000000007c03000 	/usr/lib/liblzma.5.dylib
0x0000000007c03000 	/usr/lib/libbsm.0.dylib
0x0000000007c03000 	/usr/lib/libsqlite3.dylib
0x0000000007c03000 	/usr/lib/system/libkxld.dylib
0x0000000007c03000 	/usr/lib/libxar.1.dylib
0x0000000007c03000 	/usr/lib/libpam.2.dylib
0x0000000007c03000 	/usr/lib/libOpenScriptingUtil.dylib
0x0000000007c03000 	/System/Library/Frameworks/CoreServices.framework/Versions/A/Frameworks/FSEvents.framework/Versions/A/FSEvents
0x0000000007c03000 	/System/Library/Frameworks/CoreServices.framework/Versions/A/Frameworks/CarbonCore.framework/Versions/A/CarbonCore
0x0000000007c03000 	/System/Library/Frameworks/CoreServices.framework/Versions/A/Frameworks/Metadata.framework/Versions/A/Metadata
0x0000000007c03000 	/System/Library/Frameworks/CoreServices.framework/Versions/A/Frameworks/OSServices.framework/Versions/A/OSServices
0x0000000007c03000 	/System/Library/Frameworks/CoreServices.framework/Versions/A/Frameworks/SearchKit.framework/Versions/A/SearchKit
0x0000000007c03000 	/System/Library/Frameworks/CoreServices.framework/Versions/A/Frameworks/AE.framework/Versions/A/AE
0x0000000007c03000 	/System/Library/Frameworks/CoreServices.framework/Versions/A/Frameworks/LaunchServices.framework/Versions/A/LaunchServices
0x0000000007c03000 	/System/Library/Frameworks/CoreServices.framework/Versions/A/Frameworks/DictionaryServices.framework/Versions/A/DictionaryServices
0x0000000007c03000 	/System/Library/Frameworks/NetFS.framework/Versions/A/NetFS
0x0000000007c03000 	/System/Library/PrivateFrameworks/NetAuth.framework/Versions/A/NetAuth
0x0000000007c03000 	/System/Library/PrivateFrameworks/login.framework/Versions/A/Frameworks/loginsupport.framework/Versions/A/loginsupport
0x0000000007c03000 	/System/Library/PrivateFrameworks/TCC.framework/Versions/A/TCC
0x0000000007c03000 	/usr/lib/libmecabra.dylib
0x0000000007c03000 	/System/Library/Frameworks/ApplicationServices.framework/Versions/A/Frameworks/ATS.framework/Versions/A/ATS
0x0000000007c03000 	/System/Library/Frameworks/ApplicationServices.framework/Versions/A/Frameworks/ColorSync.framework/Versions/A/ColorSync
0x0000000007c03000 	/System/Library/Frameworks/ApplicationServices.framework/Versions/A/Frameworks/HIServices.framework/Versions/A/HIServices
0x0000000007c03000 	/System/Library/Frameworks/ApplicationServices.framework/Versions/A/Frameworks/LangAnalysis.framework/Versions/A/LangAnalysis
0x0000000007c03000 	/System/Library/Frameworks/ApplicationServices.framework/Versions/A/Frameworks/PrintCore.framework/Versions/A/PrintCore
0x0000000007c03000 	/System/Library/Frameworks/ApplicationServices.framework/Versions/A/Frameworks/QD.framework/Versions/A/QD
0x0000000007c03000 	/System/Library/Frameworks/ApplicationServices.framework/Versions/A/Frameworks/SpeechSynthesis.framework/Versions/A/SpeechSynthesis
0x0000000007c03000 	/System/Library/Frameworks/Accelerate.framework/Versions/A/Accelerate
0x0000000007c03000 	/System/Library/Frameworks/Accelerate.framework/Versions/A/Frameworks/vImage.framework/Versions/A/vImage
0x0000000007c03000 	/System/Library/Frameworks/Accelerate.framework/Versions/A/Frameworks/vecLib.framework/Versions/A/vecLib
0x0000000007c03000 	/System/Library/Frameworks/Accelerate.framework/Versions/A/Frameworks/vecLib.framework/Versions/A/libvDSP.dylib
0x0000000007c03000 	/System/Library/Frameworks/Accelerate.framework/Versions/A/Frameworks/vecLib.framework/Versions/A/libvMisc.dylib
0x0000000007c03000 	/System/Library/Frameworks/Accelerate.framework/Versions/A/Frameworks/vecLib.framework/Versions/A/libLAPACK.dylib
0x0000000007c03000 	/System/Library/Frameworks/Accelerate.framework/Versions/A/Frameworks/vecLib.framework/Versions/A/libBLAS.dylib
0x0000000007c03000 	/System/Library/Frameworks/Accelerate.framework/Versions/A/Frameworks/vecLib.framework/Versions/A/libLinearAlgebra.dylib
0x0000000007c03000 	/System/Library/Frameworks/ApplicationServices.framework/Versions/A/Frameworks/ATS.framework/Versions/A/Resources/libFontParser.dylib
0x0000000007c03000 	/System/Library/Frameworks/ApplicationServices.framework/Versions/A/Frameworks/ATS.framework/Versions/A/Resources/libFontRegistry.dylib
0x0000000007c03000 	/System/Library/PrivateFrameworks/AppleVPA.framework/Versions/A/AppleVPA
0x0000000007c03000 	/System/Library/PrivateFrameworks/AppleJPEG.framework/Versions/A/AppleJPEG
0x0000000007c03000 	/System/Library/Frameworks/ImageIO.framework/Versions/A/Resources/libJPEG.dylib
0x0000000007c03000 	/System/Library/Frameworks/ImageIO.framework/Versions/A/Resources/libTIFF.dylib
0x0000000007c03000 	/System/Library/Frameworks/ImageIO.framework/Versions/A/Resources/libPng.dylib
0x0000000007c03000 	/System/Library/Frameworks/ImageIO.framework/Versions/A/Resources/libGIF.dylib
0x0000000007c03000 	/System/Library/Frameworks/ImageIO.framework/Versions/A/Resources/libJP2.dylib
0x0000000007c03000 	/System/Library/Frameworks/ImageIO.framework/Versions/A/Resources/libRadiance.dylib
0x0000000007c03000 	/System/Library/Frameworks/CoreVideo.framework/Versions/A/CoreVideo
0x0000000007c03000 	/System/Library/Frameworks/OpenGL.framework/Versions/A/Libraries/libGLU.dylib
0x0000000007c03000 	/System/Library/Frameworks/OpenGL.framework/Versions/A/Libraries/libGFXShared.dylib
0x0000000007c03000 	/System/Library/Frameworks/OpenGL.framework/Versions/A/Libraries/libGL.dylib
0x0000000007c03000 	/System/Library/Frameworks/OpenGL.framework/Versions/A/Libraries/libGLImage.dylib
0x0000000007c03000 	/System/Library/Frameworks/OpenGL.framework/Versions/A/Libraries/libCVMSPluginSupport.dylib
0x0000000007c03000 	/System/Library/Frameworks/OpenGL.framework/Versions/A/Libraries/libCoreVMClient.dylib
0x0000000007c03000 	/usr/lib/libcups.2.dylib
0x0000000007c03000 	/System/Library/Frameworks/Kerberos.framework/Versions/A/Kerberos
0x0000000007c03000 	/System/Library/Frameworks/GSS.framework/Versions/A/GSS
0x0000000007c03000 	/usr/lib/libresolv.9.dylib
0x0000000007c03000 	/usr/lib/libiconv.2.dylib
0x0000000007c03000 	/System/Library/PrivateFrameworks/Heimdal.framework/Versions/A/Heimdal
0x0000000007c03000 	/usr/lib/libheimdal-asn1.dylib
0x0000000007c03000 	/System/Library/Frameworks/OpenDirectory.framework/Versions/A/OpenDirectory
0x0000000007c03000 	/System/Library/PrivateFrameworks/CommonAuth.framework/Versions/A/CommonAuth
0x0000000007c03000 	/System/Library/Frameworks/OpenDirectory.framework/Versions/A/Frameworks/CFOpenDirectory.framework/Versions/A/CFOpenDirectory
0x0000000007c03000 	/System/Library/Frameworks/SecurityFoundation.framework/Versions/A/SecurityFoundation
0x0000000007c03000 	/System/Library/PrivateFrameworks/LanguageModeling.framework/Versions/A/LanguageModeling
0x0000000007c03000 	/usr/lib/libcmph.dylib
0x0000000007c03000 	/System/Library/Frameworks/ServiceManagement.framework/Versions/A/ServiceManagement
0x0000000007c03000 	/usr/lib/libxslt.1.dylib
0x0000000007c03000 	/System/Library/Frameworks/Carbon.framework/Versions/A/Frameworks/Ink.framework/Versions/A/Ink
0x0000000007c03000 	/System/Library/Frameworks/QuartzCore.framework/Versions/A/Frameworks/CoreImage.framework/Versions/A/CoreImage
0x0000000007c03000 	/System/Library/PrivateFrameworks/CrashReporterSupport.framework/Versions/A/CrashReporterSupport
0x0000000007c03000 	/System/Library/Frameworks/OpenCL.framework/Versions/A/OpenCL
0x0000000007c03000 	/System/Library/PrivateFrameworks/FaceCore.framework/Versions/A/FaceCore
0x0000000007c03000 	/System/Library/PrivateFrameworks/Ubiquity.framework/Versions/A/Ubiquity
0x0000000007c03000 	/System/Library/PrivateFrameworks/IconServices.framework/Versions/A/IconServices
0x0000000007c03000 	/System/Library/PrivateFrameworks/ChunkingLibrary.framework/Versions/A/ChunkingLibrary
0x0000000007c03000 	/System/Library/PrivateFrameworks/Apple80211.framework/Versions/A/Apple80211
0x0000000007c03000 	/System/Library/Frameworks/CoreWLAN.framework/Versions/A/CoreWLAN
0x0000000007c03000 	/System/Library/Frameworks/IOBluetooth.framework/Versions/A/IOBluetooth
0x0000000007c03000 	/System/Library/PrivateFrameworks/CoreWiFi.framework/Versions/A/CoreWiFi
0x0000000007c03000 	/System/Library/Frameworks/CoreBluetooth.framework/Versions/A/CoreBluetooth
0x0000000007c03000 	/System/Library/PrivateFrameworks/DebugSymbols.framework/Versions/A/DebugSymbols
0x0000000007c03000 	/System/Library/PrivateFrameworks/CoreSymbolication.framework/Versions/A/CoreSymbolication
0x0000000007c03000 	/System/Library/PrivateFrameworks/Symbolication.framework/Versions/A/Symbolication
0x0000000007c03000 	/System/Library/PrivateFrameworks/SpeechRecognitionCore.framework/Versions/A/SpeechRecognitionCore
0x0000000108ecc000 	/Library/Java/JavaVirtualMachines/jdk1.8.0_40.jdk/Contents/Home/jre/lib/server/libjvm.dylib
0x0000000007c03000 	/usr/lib/libstdc++.6.dylib
0x0000000109f38000 	/Library/Java/JavaVirtualMachines/jdk1.8.0_40.jdk/Contents/Home/jre/lib/libverify.dylib
0x0000000109f46000 	/Library/Java/JavaVirtualMachines/jdk1.8.0_40.jdk/Contents/Home/jre/lib/libjava.dylib
0x0000000109f9c000 	/Library/Java/JavaVirtualMachines/jdk1.8.0_40.jdk/Contents/Home/jre/lib/libzip.dylib
0x000000011fbe1000 	/System/Library/Frameworks/JavaVM.framework/Frameworks/JavaRuntimeSupport.framework/JavaRuntimeSupport
0x000000011fbf9000 	/System/Library/Frameworks/JavaVM.framework/Versions/A/Frameworks/JavaNativeFoundation.framework/Versions/A/JavaNativeFoundation
0x000000011fc0e000 	/System/Library/Frameworks/JavaVM.framework/Versions/A/JavaVM
0x0000000007c03000 	/System/Library/Frameworks/Carbon.framework/Versions/A/Carbon
0x000000011fc1b000 	/System/Library/PrivateFrameworks/JavaLaunching.framework/Versions/A/JavaLaunching
0x0000000007c03000 	/System/Library/Frameworks/Carbon.framework/Versions/A/Frameworks/CommonPanels.framework/Versions/A/CommonPanels
0x0000000007c03000 	/System/Library/Frameworks/Carbon.framework/Versions/A/Frameworks/Help.framework/Versions/A/Help
0x0000000007c03000 	/System/Library/Frameworks/Carbon.framework/Versions/A/Frameworks/ImageCapture.framework/Versions/A/ImageCapture
0x0000000007c03000 	/System/Library/Frameworks/Carbon.framework/Versions/A/Frameworks/OpenScripting.framework/Versions/A/OpenScripting
0x0000000007c03000 	/System/Library/Frameworks/Carbon.framework/Versions/A/Frameworks/Print.framework/Versions/A/Print
0x0000000007c03000 	/System/Library/Frameworks/Carbon.framework/Versions/A/Frameworks/SecurityHI.framework/Versions/A/SecurityHI
0x0000000121b20000 	/Applications/Android Studio.app/Contents/bin/libbreakgen64.jnilib
0x0000000121c26000 	/Library/Java/JavaVirtualMachines/jdk1.8.0_40.jdk/Contents/Home/jre/lib/libnet.dylib
0x0000000121c85000 	/private/var/folders/09/m78gq8hn2pndsl69j3dj7pyw0000gp/T/libgdxmatias/d8ae55ed/libgdx64.dylib
0x0000000121ccf000 	/Library/Java/JavaVirtualMachines/jdk1.8.0_40.jdk/Contents/Home/jre/lib/libawt.dylib
0x0000000121d77000 	/Library/Java/JavaVirtualMachines/jdk1.8.0_40.jdk/Contents/Home/jre/lib/./libmlib_image.dylib
0x0000000121e43000 	/Library/Java/JavaVirtualMachines/jdk1.8.0_40.jdk/Contents/Home/jre/lib/libawt_lwawt.dylib
0x0000000121ef7000 	/Library/Java/JavaVirtualMachines/jdk1.8.0_40.jdk/Contents/Home/jre/lib/./libosxapp.dylib
0x0000000007c03000 	/System/Library/Frameworks/ExceptionHandling.framework/Versions/A/ExceptionHandling
0x0000000007c03000 	/System/Library/PrivateFrameworks/CoreServicesInternal.framework/Versions/A/CoreServicesInternal
0x0000000007c03000 	/System/Library/PrivateFrameworks/CloudDocs.framework/Versions/A/CloudDocs
0x0000000007c03000 	/System/Library/PrivateFrameworks/CoreDuet.framework/Versions/A/CoreDuet
0x0000000007c03000 	/System/Library/Frameworks/CloudKit.framework/Versions/A/CloudKit
0x0000000007c03000 	/System/Library/PrivateFrameworks/ProtocolBuffer.framework/Versions/A/ProtocolBuffer
0x0000000007c03000 	/System/Library/PrivateFrameworks/CoreDuetDaemonProtocol.framework/Versions/A/CoreDuetDaemonProtocol
0x0000000007c03000 	/System/Library/PrivateFrameworks/CoreDuetDebugLogging.framework/Versions/A/CoreDuetDebugLogging
0x0000000007c03000 	/System/Library/PrivateFrameworks/MMCS.framework/Versions/A/MMCS
0x0000000007c03000 	/System/Library/Frameworks/CoreLocation.framework/Versions/A/CoreLocation
0x0000000007c03000 	/System/Library/PrivateFrameworks/ProtectedCloudStorage.framework/Versions/A/ProtectedCloudStorage
0x0000000007c03000 	/System/Library/PrivateFrameworks/GeoServices.framework/Versions/A/GeoServices
0x0000000007c03000 	/System/Library/Frameworks/CoreGraphics.framework/Versions/A/Resources/libCGCMS.A.dylib
0x0000000007c03000 	/System/Library/Frameworks/CoreGraphics.framework/Versions/A/Resources/libRIP.A.dylib
0x0000000007c03000 	/System/Library/Frameworks/CoreGraphics.framework/Versions/A/Resources/libCGXType.A.dylib
0x0000000007c03000 	/System/Library/Frameworks/OpenCL.framework/Versions/A/Libraries/libcldcpuengine.dylib
0x0000000007c03000 	/System/Library/PrivateFrameworks/DiskImages.framework/Versions/A/DiskImages
0x0000000007c03000 	/System/Library/Frameworks/DiscRecording.framework/Versions/A/DiscRecording
0x0000000007c03000 	/usr/lib/libcsfde.dylib
0x0000000007c03000 	/usr/lib/libcurl.4.dylib
0x0000000007c03000 	/System/Library/PrivateFrameworks/MediaKit.framework/Versions/A/MediaKit
0x0000000007c03000 	/usr/lib/libCoreStorage.dylib
0x0000000007c03000 	/System/Library/PrivateFrameworks/EFILogin.framework/Versions/A/EFILogin
0x0000000007c03000 	/usr/lib/libutil.dylib
0x0000000007c03000 	/System/Library/PrivateFrameworks/FindMyDevice.framework/Versions/A/FindMyDevice
0x0000000007c03000 	/System/Library/Frameworks/LDAP.framework/Versions/A/LDAP
0x0000000007c03000 	/usr/lib/libsasl2.2.dylib
0x0000000007c03000 	/System/Library/PrivateFrameworks/CoreDaemon.framework/Versions/B/CoreDaemon
0x0000000007c03000 	/usr/lib/libcrypto.0.9.8.dylib
0x0000000007c03000 	/System/Library/PrivateFrameworks/AppleSRP.framework/Versions/A/AppleSRP
0x0000000007c03000 	/System/Library/PrivateFrameworks/TrustEvaluationAgent.framework/Versions/A/TrustEvaluationAgent
0x0000000124d5f000 	cl_kernels
0x0000000124d61000 	/System/Library/Frameworks/OpenCL.framework/Versions/A/Libraries/ImageFormats/unorm8_bgra.dylib
0x0000000124d52000 	cl_kernels
0x0000000007c03000 	/System/Library/PrivateFrameworks/FamilyControls.framework/Versions/A/FamilyControls
0x0000000007c03000 	/System/Library/PrivateFrameworks/CommerceKit.framework/Versions/A/Frameworks/CommerceCore.framework/Versions/A/CommerceCore
0x0000000007c03000 	/System/Library/PrivateFrameworks/SystemAdministration.framework/Versions/A/SystemAdministration
0x0000000007c03000 	/System/Library/PrivateFrameworks/AppContainer.framework/Versions/A/AppContainer
0x0000000007c03000 	/System/Library/PrivateFrameworks/SecCodeWrapper.framework/Versions/A/SecCodeWrapper
0x0000000007c03000 	/System/Library/Frameworks/DirectoryService.framework/Versions/A/DirectoryService
0x0000000007c03000 	/System/Library/PrivateFrameworks/LoginUIKit.framework/Versions/A/Frameworks/LoginUICore.framework/Versions/A/LoginUICore
0x0000000007c03000 	/usr/lib/libodfde.dylib
0x0000000125f27000 	/Library/Java/JavaVirtualMachines/jdk1.8.0_40.jdk/Contents/Home/jre/lib/libfontmanager.dylib
0x0000000125f8e000 	/private/var/folders/09/m78gq8hn2pndsl69j3dj7pyw0000gp/T/libgdxmatias/f7649394/liblwjgl.dylib
0x00000001242bb000 	/Library/Java/JavaVirtualMachines/jdk1.8.0_40.jdk/Contents/Home/jre/lib/libjawt.dylib
0x0000000126010000 	/var/folders/09/m78gq8hn2pndsl69j3dj7pyw0000gp/T/libgdxmatias/f7649394/openal.dylib
0x000000012607f000 	/System/Library/Components/CoreAudio.component/Contents/MacOS/CoreAudio
0x00000001242d3000 	/System/Library/Extensions/AppleHDA.kext/Contents/PlugIns/AppleHDAHALPlugIn.bundle/Contents/MacOS/AppleHDAHALPlugIn
0x0000000007c03000 	/System/Library/Frameworks/OpenGL.framework/Versions/A/Resources/GLEngine.bundle/GLEngine
0x0000000007c03000 	/System/Library/Frameworks/OpenGL.framework/Versions/A/Libraries/libGLProgrammability.dylib
0x0000000000000000 	/System/Library/Extensions/GeForceTeslaGLDriver.bundle/Contents/MacOS/GeForceTeslaGLDriver
0x00000001265fd000 	/System/Library/Extensions/GeForceTeslaGLDriver.bundle/Contents/MacOS/libclh.dylib
0x0000000126e44000 	/System/Library/PrivateFrameworks/GPUSupport.framework/Versions/A/Libraries/libGPUSupport.dylib
0x0000000007c03000 	/System/Library/Frameworks/OpenGL.framework/Versions/A/Resources/GLRendererFloat.bundle/GLRendererFloat

VM Arguments:
jvm_args: -Didea.launcher.port=7538 -Didea.launcher.bin.path=/Applications/Android Studio.app/Contents/bin -Dfile.encoding=UTF-8 
java_command: com.intellij.rt.execution.application.AppMain com.magui.desktop.DesktopLauncher
java_class_path (initial): /Library/Java/JavaVirtualMachines/jdk1.8.0_40.jdk/Contents/Home/lib/ant-javafx.jar:/Library/Java/JavaVirtualMachines/jdk1.8.0_40.jdk/Contents/Home/lib/dt.jar:/Library/Java/JavaVirtualMachines/jdk1.8.0_40.jdk/Contents/Home/lib/javafx-mx.jar:/Library/Java/JavaVirtualMachines/jdk1.8.0_40.jdk/Contents/Home/lib/jconsole.jar:/Library/Java/JavaVirtualMachines/jdk1.8.0_40.jdk/Contents/Home/lib/packager.jar:/Library/Java/JavaVirtualMachines/jdk1.8.0_40.jdk/Contents/Home/lib/sa-jdi.jar:/Library/Java/JavaVirtualMachines/jdk1.8.0_40.jdk/Contents/Home/lib/tools.jar:/Library/Java/JavaVirtualMachines/jdk1.8.0_40.jdk/Contents/Home/jre/lib/charsets.jar:/Library/Java/JavaVirtualMachines/jdk1.8.0_40.jdk/Contents/Home/jre/lib/deploy.jar:/Library/Java/JavaVirtualMachines/jdk1.8.0_40.jdk/Contents/Home/jre/lib/javaws.jar:/Library/Java/JavaVirtualMachines/jdk1.8.0_40.jdk/Contents/Home/jre/lib/jce.jar:/Library/Java/JavaVirtualMachines/jdk1.8.0_40.jdk/Contents/Home/jre/lib/jfr.jar:/Library/Java/JavaVirtualMachines/jdk1.8.0_40.jdk/Contents/Home/jre/lib/jfxswt.jar:/Library/Java/JavaVirtualMachines/jdk1.8.0_40.jdk/Contents/Home/jre/lib/jsse.jar:/Library/Java/JavaVirtualMachines/jdk1.8.0_40.jdk/Contents/Home/jre/lib/management-agent.jar:/Library/Java/JavaVirtualMachines/jdk1.8.0_40.jdk/Contents/Home/jre/lib/plugin.jar:/Library/Java/JavaVirtualMachines/jdk1.8.0_40.jdk/Contents/Home/jre/lib/resources.jar:/Library/Java/JavaVirtualMachines/jdk1.8.0_40.jdk/Contents/Home/jre/lib/rt.jar:/Library/Java/JavaVirtualMachines/jdk1.8.0_40.jdk/Contents/Home/jre/lib/ext/cldrdata.jar:/Library/Java/JavaVirtualMachines/jdk1.8.0_40.jdk/Contents/Home/jre/lib/ext/dnsns.jar:/Library/Java/JavaVirtualMachines/jdk1.8.0_40.jdk/Contents/Home/jre/lib/ext/jfxrt.jar:/Library/Java/JavaVirtualMachines/jdk1.8.0_40.jdk/Contents/Home/jre/lib/ext/localedata.jar:/Library/Java/JavaVirtualMachines/jdk1.8.0_40.jdk/Contents/Home/jre/lib/ext/nashorn.jar:/Library/Java/JavaVirtualMachines/jdk1.8.0_40.jdk/Conten
Launcher Type: SUN_STANDARD

Environment Variables:
PATH=/usr/local/bin:/usr/bin:/bin:/usr/sbin:/sbin:/usr/local/git/bin
SHELL=/bin/bash

Signal Handlers:
SIGSEGV: [libjvm.dylib+0x58ef95], sa_mask[0]=11111111011111110111111111111111, sa_flags=SA_ONSTACK|SA_RESTART|SA_SIGINFO
SIGBUS: [libjvm.dylib+0x58ef95], sa_mask[0]=11111111011111110111111111111111, sa_flags=SA_RESTART|SA_SIGINFO
SIGFPE: [libjvm.dylib+0x46c118], sa_mask[0]=11111111011111110111111111111111, sa_flags=SA_RESTART|SA_SIGINFO
SIGPIPE: [libjvm.dylib+0x46c118], sa_mask[0]=11111111011111110111111111111111, sa_flags=SA_RESTART|SA_SIGINFO
SIGXFSZ: [libjvm.dylib+0x46c118], sa_mask[0]=11111111011111110111111111111111, sa_flags=SA_RESTART|SA_SIGINFO
SIGILL: [libjvm.dylib+0x46c118], sa_mask[0]=11111111011111110111111111111111, sa_flags=SA_RESTART|SA_SIGINFO
SIGUSR1: SIG_DFL, sa_mask[0]=00000000000000000000000000000000, sa_flags=none
SIGUSR2: [libjvm.dylib+0x46bc36], sa_mask[0]=00100000000000000000000000000000, sa_flags=SA_RESTART|SA_SIGINFO
SIGHUP: [libjvm.dylib+0x46a209], sa_mask[0]=11111111011111110111111111111111, sa_flags=SA_RESTART|SA_SIGINFO
SIGINT: [libjvm.dylib+0x46a209], sa_mask[0]=11111111011111110111111111111111, sa_flags=SA_RESTART|SA_SIGINFO
SIGTERM: [libjvm.dylib+0x46a209], sa_mask[0]=11111111011111110111111111111111, sa_flags=SA_RESTART|SA_SIGINFO
SIGQUIT: [libjvm.dylib+0x46a209], sa_mask[0]=11111111011111110111111111111111, sa_flags=SA_RESTART|SA_SIGINFO


---------------  S Y S T E M  ---------------

OS:Bsduname:Darwin 14.4.0 Darwin Kernel Version 14.4.0: Thu May 28 11:35:04 PDT 2015; root:xnu-2782.30.5~1/RELEASE_X86_64 x86_64
rlimit: STACK 8192k, CORE 0k, NPROC 709, NOFILE 10240, AS infinity
load average:4.13 2.83 2.37

CPU:total 2 (2 cores per cpu, 1 threads per core) family 6 model 23 stepping 10, cmov, cx8, fxsr, mmx, sse, sse2, sse3, ssse3, sse4.1, tsc

Memory: 4k page, physical 8388608k(113664k free)

/proc/meminfo:


vm_info: Java HotSpot(TM) 64-Bit Server VM (25.40-b25) for bsd-amd64 JRE (1.8.0_40-b27), built on Mar 13 2015 04:46:52 by "java_re" with gcc 4.2.1 (Based on Apple Inc. build 5658) (LLVM build 2336.11.00)

time: Mon Aug 24 01:07:31 2015
elapsed time: 13 seconds (0d 0h 0m 13s)

